2025-02-18 17:30:09, Info                         [windeploy.exe] ------------------------------------------------
2025-02-18 17:30:09, Info                         [windeploy.exe] WinDeploy.exe launched with command-line []...
2025-02-18 17:30:09, Info                         [windeploy.exe] LogBootDeviceInfo:The firmware boot device ARC path is [multi(0)disk(0)rdisk(1)partition(1)] and NT path is [\Device\Harddisk0\Partition1].
2025-02-18 17:30:09, Info                         [windeploy.exe] LogBootDeviceInfo:The system boot device ARC path is [multi(0)disk(0)rdisk(1)partition(3)] and NT path is [\Device\Harddisk0\Partition3].
2025-02-18 17:30:09, Info                         [windeploy.exe] Waiting for essential OOBE services to start...
2025-02-18 17:30:09, Info                         [windeploy.exe] Essential OOBE services started successfully.
2025-02-18 17:30:09, Info                         [windeploy.exe] Windeploy: Executing PreSysprep commands
2025-02-18 17:30:09, Info                         [windeploy.exe] FbeExecuteExtensions: Launching process(es) in inclusive mode
2025-02-18 17:30:09, Info                         [windeploy.exe] ExecuteCommandFromValue: Executing command line: C:\$WINDOWS.~BT\Sources\SetupPlatform.exe /presysprep
2025-02-18 17:30:16, Info                         [windeploy.exe] ExecuteCommandFromValue: Command line execution succeeded; exit code [0]
2025-02-18 17:30:16, Info                         [windeploy.exe] FbeExecuteExtensions: Processed 1 extension(s)
2025-02-18 17:30:16, Info                         [windeploy.exe] Found generalization state [0x4], setup.exe completion flag [False] --> launching setup.exe.
2025-02-18 17:30:16, Info                         [windeploy.exe] Windeploy: Running default setup.
2025-02-18 17:30:16, Info                         [windeploy.exe] Launching [C:\WINDOWS\system32\oobe\setup.exe]...
2025-02-18 17:30:27, Info                         [svchost.exe] Enter WinReIsWimBootEnabled
2025-02-18 17:30:27, Info                         [svchost.exe] Parameters: pszWinDir: NULL
2025-02-18 17:30:27, Info                         [svchost.exe] Exit WinReIsWimBootEnabled returns 0 with last error: 0x2
2025-02-18 17:31:25, Info                         [Shell Unattend] Running 'specialize' pass
2025-02-18 17:31:25, Info                         [Shell Unattend] ComputerName set to WIN11-PC 
2025-02-18 17:31:25, Info                         [Shell Unattend] TimeZone: Time zone set to 'Eastern Standard Time' 
2025-02-18 17:31:25, Info                         [Shell Unattend] Exiting 'specialize' pass with status 0x002c1000
2025-02-18 17:31:25, Info                         [windeploy.exe] Process exited with exit code [0x0]
2025-02-18 17:31:25, Info                         [windeploy.exe] Found completion flag [True], reboot requested flag [True] --> rebooting computer before proceeding with deployment...
2025-02-18 17:31:25, Info                         [windeploy.exe] Windeploy: Executing PostSysprep commands
2025-02-18 17:31:25, Info                         [windeploy.exe] FbeExecuteExtensions: Launching process(es) in inclusive mode
2025-02-18 17:31:25, Info                         [windeploy.exe] ExecuteCommandFromValue: Executing command line: C:\$WINDOWS.~BT\Sources\SetupPlatform.exe /postsysprep
2025-02-18 17:31:26, Info                         [windeploy.exe] ExecuteCommandFromValue: Command line execution succeeded; exit code [0]
2025-02-18 17:31:26, Info                         [windeploy.exe] FbeExecuteExtensions: Processed 1 extension(s)
2025-02-18 17:31:26, Info                         [windeploy.exe] OrchestrateAreOnlyOOBEServicesRunning: Found a non-OOBE service AppIDSvc
2025-02-18 17:31:26, Info                         [windeploy.exe] OrchestrateDetermineComputerNameChange: Checking computer name change conditions:
2025-02-18 17:31:26, Info                         [windeploy.exe]   Did Setup change computer name? TRUE
2025-02-18 17:31:26, Info                         [windeploy.exe]   Could OOBE change computer name? FALSE
2025-02-18 17:31:26, Info                         [windeploy.exe] ShouldShutdownAfterSetup: Checking reboot conditions:
2025-02-18 17:31:26, Info                         [windeploy.exe]   Are only OOBE services running? FALSE
2025-02-18 17:31:26, Info                         [windeploy.exe]   Is there a computer name change? TRUE
2025-02-18 17:31:26, Info                         [windeploy.exe]   Was Winlogon reboot requested? TRUE
2025-02-18 17:31:26, Info                         [windeploy.exe]   Is Upgrade in progress? FALSE
2025-02-18 17:31:26, Info                         [windeploy.exe]   Is this Audit mode boot? FALSE
2025-02-18 17:31:26, Info                         [windeploy.exe] Reboot required after setup.exe and PostSysprep commands, before launching OOBE.
2025-02-18 17:31:26, Info                         [windeploy.exe] Making sure that SystemSetupInProgress is cleared.
2025-02-18 17:31:26, Info                         [windeploy.exe] An immediate reboot or shutdown was requested/required...
2025-02-18 17:31:26, Info                         [windeploy.exe] Refreshing the boot sequence.
2025-02-18 17:31:26, Info                         [windeploy.exe] Flushing registry to disk...
2025-02-18 17:31:26, Info                         [windeploy.exe] Flush took 0 ms.
2025-02-18 17:31:26, Info                         [windeploy.exe] WinDeploy.exe exiting with code [0x0]
2025-02-18 17:31:54, Info                         [windeploy.exe] ------------------------------------------------
2025-02-18 17:31:54, Info                         [windeploy.exe] WinDeploy.exe launched with command-line []...
2025-02-18 17:31:54, Info                         [windeploy.exe] LogBootDeviceInfo:The firmware boot device ARC path is [multi(0)disk(0)rdisk(1)partition(1)] and NT path is [\Device\Harddisk0\Partition1].
2025-02-18 17:31:54, Info                         [windeploy.exe] LogBootDeviceInfo:The system boot device ARC path is [multi(0)disk(0)rdisk(1)partition(3)] and NT path is [\Device\Harddisk0\Partition3].
2025-02-18 17:31:54, Info                         [windeploy.exe] Waiting for essential OOBE services to start...
2025-02-18 17:31:54, Info                         [windeploy.exe] Essential OOBE services started successfully.
2025-02-18 17:31:54, Info                         [windeploy.exe] Updating pass status for [specialize] to reflect reboot: 0x8 --> 0x9
2025-02-18 17:31:54, Info                         [windeploy.exe] Windeploy: Executing PreOOBE commands
2025-02-18 17:31:54, Info                         [windeploy.exe] FbeExecuteExtensions: Launching process(es) in inclusive mode
2025-02-18 17:31:54, Info                         [windeploy.exe] ExecuteCommandFromValue: Executing command line: C:\$WINDOWS.~BT\Sources\SetupPlatform.exe /preoobe
2025-02-18 17:31:55, Info                         [windeploy.exe] ExecuteCommandFromValue: Command line execution succeeded; exit code [0]
2025-02-18 17:31:55, Info                         [windeploy.exe] FbeExecuteExtensions: Processed 1 extension(s)
2025-02-18 17:31:55, Info                         [windeploy.exe] Publishing WNF notification to indicate uninstall is disabled
2025-02-18 17:31:55, Info                         [windeploy.exe] OrchestratePublishWnfUninstallDisabled: Publishing WNF event for disabling uninstall
2025-02-18 17:31:55, Info                         [windeploy.exe] Client OS detected.
2025-02-18 17:31:55, Info                         [windeploy.exe] OEM Licensing detected.
2025-02-18 17:31:55, Info                         [windeploy.exe] Client non-Enterprise OS edition detected with OEM license; will not run user-provided scripts.
2025-02-18 17:31:55, Info                         [windeploy.exe] Restoring system default power request before OOBE
2025-02-18 17:31:55, Info                         [windeploy.exe] Launching [C:\WINDOWS\system32\oobe\oobeldr.exe /system /quiet]...
2025-02-18 17:31:55, Info                         [oobeldr.exe] OOBELdr.exe launched with command-line [/system /quiet]...
2025-02-18 17:31:55, Info                         [oobeldr.exe] OrchestrateUpdateImageState: Updating image state from [IMAGE_STATE_SPECIALIZE_RESEAL_TO_OOBE] --> [IMAGE_STATE_UNDEPLOYABLE]
2025-02-18 17:31:55, Info                         [oobeldr.exe] Parsing command line arguments...
2025-02-18 17:31:55, Info                         [oobeldr.exe] Parsing the following command line: [/system /quiet]
2025-02-18 17:31:55, Info                         [oobeldr.exe] Status for unattend pass [oobeSystem] = 0x0
2025-02-18 17:31:55, Info                         [oobeldr.exe] UnattendSearchExplicitPath: Found unattend file at [C:\WINDOWS\Panther\unattend.xml]; examining for applicability.
2025-02-18 17:31:55, Info                         [oobeldr.exe] UnattendSearchExplicitPath: Found usable unattend file for pass [oobeSystem] at [C:\WINDOWS\Panther\unattend.xml].
2025-02-18 17:31:55, Info                         [oobeldr.exe] Running oobeSystem pass with discovered unattend file [C:\WINDOWS\Panther\unattend.xml]...
2025-02-18 17:31:55, Info                         [oobeldr.exe] Caching copy of unattend file: [C:\WINDOWS\Panther\unattend.xml] -- cached at --> [C:\WINDOWS\panther\unattend.xml]
2025-02-18 17:31:55, Info                         [oobeldr.exe] Source and destination paths are identical; skipping file copy.
2025-02-18 17:31:55, Info                         [oobeldr.exe] Cached unattend file, returned: [%windir%\panther\unattend.xml]
2025-02-18 17:31:55, Info                         [oobeldr.exe] Current pass status for [oobeSystem] is [0x0]
2025-02-18 17:31:55, Info                         [oobeldr.exe] Applying data-only settings overrides using SMI...
2025-02-18 17:31:55, Info                  CSI    00000001@2025/2/18:22:31:55.947 WcpInitialize: wcp.dll version 10.0.26100.3189 (WinBuild.160101.0800)
2025-02-18 17:31:55, Info                         [oobeldr.exe] Successfully applied data-only settings overrides.
2025-02-18 17:31:55, Info                         [oobeldr.exe] Calling into RunSMIActionPass to execute unattend GCs for pass [oobeSystem]
2025-02-18 17:31:55, Info                         [oobeldr.exe] [Action Queue] : GenerateActionQueue begin
2025-02-18 17:31:55, Info                         [oobeldr.exe] [Action Queue] : Processing pass = oobeSystem
2025-02-18 17:31:55, Info                         [oobeldr.exe] [Action Queue] : Generating queue file to C:\WINDOWS\panther\actionqueue\oobeSystem.uaq
2025-02-18 17:31:55, Info                         [oobeldr.exe] [Action Queue] : Identity 0: Microsoft-Windows-Shell-Setup, Culture=neutral, Version=10.0.26100.1150, PublicKeyToken=31bf3856ad364e35, ProcessorArchitecture=amd64, versionScope=NonSxS
2025-02-18 17:31:55, Info                         [oobeldr.exe] [Action Queue] : Using component order file C:\WINDOWS\winsxs\amd64_microsoft-windows-servicingstack_31bf3856ad364e35_10.0.26100.3189_none_a548e96177328fe3\GlobalInstallOrder.xml
2025-02-18 17:31:55, Info                  CSI    00000001@2025/2/18:22:31:55.984 WcpInitialize: wcp.dll version 10.0.26100.3189 (WinBuild.160101.0800)
2025-02-18 17:31:56, Info                         [oobeldr.exe] [Action Queue] : Found manifest file C:\WINDOWS\Winsxs\Manifests\amd64_microsoft-windows-shell-setup_31bf3856ad364e35_10.0.26100.1150_none_6e422322998a171f.manifest
2025-02-18 17:31:56, Info                         [oobeldr.exe] [Action Queue] : GenerateActionQueue finish (hr = 0x0)
2025-02-18 17:31:56, Info                         [oobeldr.exe] [Action Queue] : ProcessActionQueue start
2025-02-18 17:31:56, Info                         [oobeldr.exe] [Action Queue] : ProcessActionQueue using queue file C:\WINDOWS\panther\actionqueue\oobeSystem.uaq
2025-02-18 17:31:56, Info                         [oobeldr.exe] [Action Queue] : Command Line = C:\WINDOWS\SYSTEM32\RUNDLL32.EXE / arguments = shsetup.dll,SHUnattendedSetup / pass = oobeSystem / manifest path = C:\WINDOWS\Winsxs\Manifests\amd64_microsoft-windows-shell-setup_31bf3856ad364e35_10.0.26100.1150_none_6e422322998a171f.manifest
2025-02-18 17:31:56, Info                         [oobeldr.exe] [Action Queue] : Executing command "C:\WINDOWS\SYSTEM32\RUNDLL32.EXE" shsetup.dll,SHUnattendedSetup oobeSystem
2025-02-18 17:31:56, Info                         [Shell Unattend] Running 'oobeSystem' pass
2025-02-18 17:31:56, Info                         [Shell Unattend] Exiting 'oobeSystem' pass with status 0x00000000
2025-02-18 17:31:56, Info                         [oobeldr.exe] [Action Queue] : process exit code = 0
2025-02-18 17:31:56, Info                         [oobeldr.exe] [Action Queue] : Unattend action returned operation complete.
2025-02-18 17:31:56, Info                         [oobeldr.exe] [Action Queue] : ProcessActionQueue finish (hr = 0x0)
2025-02-18 17:31:56, Info                         [oobeldr.exe] Successfully completed execution of GC queue
2025-02-18 17:31:56, Info                         [oobeldr.exe] Flushing registry to disk...
2025-02-18 17:31:56, Info                         [oobeldr.exe] Flush took 0 ms.
2025-02-18 17:31:56, Info                         [oobeldr.exe] Successfully completed RunSMIPass for oobeSystem.
2025-02-18 17:31:56, Info                         [oobeldr.exe] Successfully ran oobeSystem pass.
2025-02-18 17:31:56, Info                         [oobeldr.exe] Waiting for essential OOBE services to start...
2025-02-18 17:31:56, Info                         [oobeldr.exe] OrchestrateWaitForOOBEServices: Wait was already done; not waiting again
2025-02-18 17:31:56, Info                         [oobeldr.exe] Essential OOBE services started successfully.
2025-02-18 17:31:56, Info                         [oobeldr.exe] Launching [C:\WINDOWS\system32\oobe\msoobe.exe]...
2025-02-18 17:31:58, Info                         [msoobe.exe] ----------------------------------------------------------
2025-02-18 17:31:58, Info                         [msoobe.exe] Starting OOBE
2025-02-18 17:31:58, Info                         [msoobe.exe] Calculated OOBE STARTUP FLAGS: [0x00000000]
2025-02-18 17:31:58, Info                         [msoobe.exe] Beginning wait for service audiosrv (initial state SERVICE_START_PENDING, desired state SERVICE_RUNNING)
2025-02-18 17:31:58, Info                         [msoobe.exe] Service audiosrv successfully reports in state SERVICE_RUNNING
2025-02-18 17:31:58, Info                         [msoobe.exe] Successfully created first boot reg key
2025-02-18 17:31:58, Info                         [msoobe.exe] No previous OOBE Stats found in registry
2025-02-18 17:31:58, Info                         [msoobe.exe] Loading OOBE plugin ComputerName Plugin
2025-02-18 17:31:58, Info                         [msoobe.exe] Loading OOBE plugin End Plugin
2025-02-18 17:31:58, Info                         [msoobe.exe] Loading OOBE plugin Enterprise Provisioning Plugin
2025-02-18 17:31:58, Info                         [msoobe.exe] Plugin Enterprise Provisioning Plugin should not run
2025-02-18 17:31:58, Info                         [msoobe.exe] Loading OOBE plugin Eula Plugin
2025-02-18 17:31:58, Info                         [msoobe.exe] Posted cache change notification for setting EULAACCEPT.
2025-02-18 17:31:58, Info                         [msoobe.exe] Plugin Eula Plugin should not run
2025-02-18 17:31:58, Info                         [msoobe.exe] Loading OOBE plugin HidPairing Plugin
2025-02-18 17:31:58, Info                         [msoobe.exe] Loading OOBE plugin Language Plugin
2025-02-18 17:31:58, Info                         [msoobe.exe] Found [1] UI languages
2025-02-18 17:31:58, Info                         [msoobe.exe] Successfully added language English (United States)
2025-02-18 17:31:58, Info                         [msoobe.exe] Posted cache change notification for setting UI_SUPPORTED_LANGIDS.
2025-02-18 17:31:58, Info                         [msoobe.exe] Posted cache change notification for setting LANGUAGE.
2025-02-18 17:31:58, Info                         [msoobe.exe] Posted cache change notification for setting LANGISO639.
2025-02-18 17:31:58, Info                         [msoobe.exe] Loading OOBE plugin LocalUser Plugin
2025-02-18 17:31:58, Info                         [msoobe.exe] Added IOOBEGlobalSettingsCacheListener LocalUser Plugin
2025-02-18 17:31:58, Info                         [msoobe.exe] Loading OOBE plugin Misc Plugin
2025-02-18 17:31:58, Info                         [msoobe.exe] Added IOOBEGlobalSettingsCacheListener Misc Plugin
2025-02-18 17:31:58, Info                         [msoobe.exe] Loading OOBE plugin OEMRegistration Plugin
2025-02-18 17:31:58, Info                         [msoobe.exe] OEM Machine Registration: Skipping - will be launched in User OOBE.
2025-02-18 17:31:58, Info                         [msoobe.exe] Plugin OEMRegistration Plugin should not run
2025-02-18 17:31:58, Info                         [msoobe.exe] Loading OOBE plugin PID Plugin
2025-02-18 17:31:58, Info                         [msoobe.exe] Added IOOBEGlobalSettingsCacheListener PID Plugin
2025-02-18 17:31:58, Info                         [msoobe.exe] Loading OOBE plugin ProtectPC Plugin
2025-02-18 17:31:58, Info                         [msoobe.exe] Loading OOBE plugin Region Plugin
2025-02-18 17:31:58, Info                         [msoobe.exe] Loading OOBE plugin RetailDemo Plugin
2025-02-18 17:31:58, Info                         [msoobe.exe] Loading OOBE plugin TimeDate Plugin
2025-02-18 17:31:58, Info                         [msoobe.exe] Added IOOBEGlobalSettingsCacheListener TimeDate Plugin
2025-02-18 17:31:58, Info                         [msoobe.exe] Loading OOBE plugin User OOBE Preparation Plugin
2025-02-18 17:31:58, Info                         [msoobe.exe] Added IOOBEGlobalSettingsCacheListener User OOBE Preparation Plugin
2025-02-18 17:31:58, Info                         [msoobe.exe] Loading OOBE plugin Wireless Plugin
2025-02-18 17:31:58, Info                         [msoobe.exe] Loading OOBE plugin ZDP Plugin
2025-02-18 17:31:58, Info                         [msoobe.exe] Added IOOBEGlobalSettingsCacheListener ZDP Plugin
2025-02-18 17:31:58, Info                         [msoobe.exe] Parsing oobe.xml files...
2025-02-18 17:31:58, Info                         [msoobe.exe] Failed to load oobe.xml file at C:\WINDOWS\system32\oobe\info\oobe.xml with hr=0x80070003
2025-02-18 17:31:58, Info                         [msoobe.exe] Failed to load oobe.xml file at C:\WINDOWS\system32\oobe\info\default\oobe.xml with hr=0x80070003
2025-02-18 17:31:58, Info                         [msoobe.exe] Failed to load oobe.xml file at C:\WINDOWS\system32\oobe\info\244\oobe.xml with hr=0x80070003
2025-02-18 17:31:58, Info                         [msoobe.exe] Failed to load oobe.xml file at C:\WINDOWS\system32\oobe\info\default\1033\oobe.xml with hr=0x80070003
2025-02-18 17:31:58, Info                         [msoobe.exe] Failed to load oobe.xml file at C:\WINDOWS\system32\oobe\info\244\1033\oobe.xml with hr=0x80070003
2025-02-18 17:31:58, Info                         [msoobe.exe] Successfully executed initial mandatory task for plugin HidPairing Plugin
2025-02-18 17:31:58, Info                         [msoobe.exe] Successfully executed initial mandatory task for plugin Wireless Plugin
2025-02-18 17:31:58, Info                         [msoobe.exe] Attempting to start asynchronous notify ui language change.
2025-02-18 17:31:58, Info                         [msoobe.exe] Successfully executed initial mandatory task for plugin Language Plugin
2025-02-18 17:31:58, Info                         [msoobe.exe] Processing cache change notification for setting EULAACCEPT.
2025-02-18 17:31:58, Info                         [msoobe.exe] Processing cache change notification for setting UI_SUPPORTED_LANGIDS.
2025-02-18 17:31:58, Info                         [msoobe.exe] Processing cache change notification for setting LANGUAGE.
2025-02-18 17:31:58, Info                         [msoobe.exe] Processing cache change notification for setting LANGISO639.
2025-02-18 17:31:58, Info                         [msoobe.exe] TASK: Begin running task NotifyUILanguageChange...
2025-02-18 17:31:58, Info                         [msoobe.exe] TASK: Begin running task SaveEnabledInputMethods...
2025-02-18 17:31:58, Info                         [msoobe.exe] Posted cache change notification for setting NOTIFYLANGUAGEDONE.
2025-02-18 17:31:58, Info                         [msoobe.exe] Processing cache change notification for setting NOTIFYLANGUAGEDONE.
2025-02-18 17:31:58, Info                         [msoobe.exe] Successfully verified and committed UI language settings
2025-02-18 17:31:58, Info                         [msoobe.exe] TASK: End successfully running task SaveEnabledInputMethods
2025-02-18 17:31:58, Info                         [msoobe.exe] Posted cache change notification for setting GLOBALIZATIONCOMMITTED.
2025-02-18 17:31:58, Info                         [msoobe.exe] Successfully executed initial mandatory task for plugin Region Plugin
2025-02-18 17:31:58, Info                         [msoobe.exe] Beginning wait for service wlidsvc (initial state SERVICE_START_PENDING, desired state SERVICE_START_PENDING)
2025-02-18 17:31:58, Info                         [msoobe.exe] Service wlidsvc successfully reports in state SERVICE_START_PENDING
2025-02-18 17:31:58, Info                         [msoobe.exe] TASK: Begin running task WaitForService...
2025-02-18 17:31:58, Info                         [msoobe.exe] Beginning wait for service w32time (initial state SERVICE_START_PENDING, desired state SERVICE_START_PENDING)
2025-02-18 17:31:58, Info                         [msoobe.exe] Service w32time successfully reports in state SERVICE_START_PENDING
2025-02-18 17:31:58, Info                         [msoobe.exe] Successfully signaled SCM event to start up services
2025-02-18 17:31:58, Info                         [msoobe.exe] Posted cache change notification for setting COMPUTERNAME.
2025-02-18 17:31:58, Info                         [msoobe.exe] Successfully executed initial mandatory task for plugin ComputerName Plugin
2025-02-18 17:31:58, Info                         [msoobe.exe] ExecuteInitialMandatoryTasks not implemented for plugin LocalUser Plugin
2025-02-18 17:31:58, Info                         [msoobe.exe] Posted cache change notification for setting ENTERINGUSEROOBE.
2025-02-18 17:31:58, Info                         [msoobe.exe] Successfully executed initial mandatory task for plugin User OOBE Preparation Plugin
2025-02-18 17:31:58, Info                         [msoobe.exe] Posted cache change notification for setting PRODUCTKEYSTATUS.
2025-02-18 17:31:58, Info                         [msoobe.exe] TASK: Begin running task PrepareUserOOBE...
2025-02-18 17:31:58, Info                         [msoobe.exe] Launched background PID install task from plugin's Initial Mandatory Tasks
2025-02-18 17:31:58, Info                         [msoobe.exe] Creating a new default account
2025-02-18 17:31:58, Info                         [msoobe.exe] Posted cache change notification for setting PRODUCTKEYSTATUS.
2025-02-18 17:31:58, Info                         [msoobe.exe] Successfully executed initial mandatory task for plugin PID Plugin
2025-02-18 17:31:58, Info                         [msoobe.exe] Posted cache change notification for setting UNATTENDPROTECTION.
2025-02-18 17:31:58, Info                         [msoobe.exe] ProtectPC Plugin - unattend value set 1
2025-02-18 17:31:58, Info                         [msoobe.exe] Successfully executed initial mandatory task for plugin ProtectPC Plugin
2025-02-18 17:31:58, Info                         [msoobe.exe] Posted cache change notification for setting TIMESYNCSTATUS.
2025-02-18 17:31:58, Info                         [msoobe.exe] TASK: Begin running task InstallPid...
2025-02-18 17:31:58, Info                         [msoobe.exe] Successfully executed initial mandatory task for plugin TimeDate Plugin
2025-02-18 17:31:58, Info                         [msoobe.exe] Successfully executed initial mandatory task for plugin RetailDemo Plugin
2025-02-18 17:31:58, Info                         [msoobe.exe] Successfully executed initial mandatory task for plugin ZDP Plugin
2025-02-18 17:31:58, Info                         [msoobe.exe] TASK: Begin running task RemoveRetailDemoDataTask...
2025-02-18 17:31:58, Info                         [msoobe.exe] Retail Demo mode is not enabled, removing demo accounts if they exist.
2025-02-18 17:31:58, Info                         [msoobe.exe] Successfully executed initial mandatory task for plugin Misc Plugin
2025-02-18 17:31:58, Info                         [msoobe.exe] ExecuteInitialMandatoryTasks not implemented for plugin End Plugin
2025-02-18 17:31:58, Info                         [msoobe.exe] TASK: Begin running task CreateDirectoryJunctions...
2025-02-18 17:31:58, Info                         [msoobe.exe] Creating directory junctions
2025-02-18 17:31:58, Info                         [msoobe.exe] Beginning wait for service netprofm (initial state SERVICE_START_PENDING, desired state SERVICE_RUNNING)
2025-02-18 17:31:58, Info                         [msoobe.exe] Successfully created wizard page End.
2025-02-18 17:31:58, Info                         [msoobe.exe] Unable to create wizard page EnterpriseProvisioning. Skipping page.
2025-02-18 17:31:58, Info                         [msoobe.exe] Unable to create wizard page EnterpriseProvisioningStatus. Skipping page.
2025-02-18 17:31:58, Info                         [msoobe.exe] Unable to create wizard page Eula. Skipping page.
2025-02-18 17:31:58, Info                         [msoobe.exe] Successfully created wizard page HidAccessoryPairing.
2025-02-18 17:31:58, Info                         [msoobe.exe] Successfully created wizard page HidKeyboardPairing.
2025-02-18 17:31:58, Info                         [msoobe.exe] Successfully created wizard page HidMousePairing.
2025-02-18 17:31:58, Info                         [msoobe.exe] Successfully created wizard page Localization.
2025-02-18 17:31:58, Info                         [msoobe.exe] Successfully created wizard page LocalUser.
2025-02-18 17:31:58, Info                         [msoobe.exe] Successfully created wizard page PID.
2025-02-18 17:31:58, Info                         [msoobe.exe] Successfully created wizard page Recovery.
2025-02-18 17:31:58, Info                         [msoobe.exe] Creating section Account.
2025-02-18 17:31:58, Info                         [msoobe.exe] Section Account: successfully added page LocalUser
2025-02-18 17:31:58, Info                         [msoobe.exe] Successfully created section Account.
2025-02-18 17:31:58, Info                         [msoobe.exe] Creating section End.
2025-02-18 17:31:58, Info                         [msoobe.exe] Section End: could not find page EnterpriseProvisioningStatus. Moving on.
2025-02-18 17:31:58, Info                         [msoobe.exe] Section End: successfully added page End
2025-02-18 17:31:58, Info                         [msoobe.exe] Successfully created section End.
2025-02-18 17:31:58, Info                         [msoobe.exe] Creating section Localization.
2025-02-18 17:31:58, Info                         [msoobe.exe] Section Localization: successfully added page Localization
2025-02-18 17:31:58, Info                         [msoobe.exe] Successfully created section Localization.
2025-02-18 17:31:58, Info                         [msoobe.exe] Creating section PreOOBE.
2025-02-18 17:31:58, Info                         [msoobe.exe] Section PreOOBE: successfully added page HidMousePairing
2025-02-18 17:31:58, Info                         [msoobe.exe] Section PreOOBE: successfully added page HidKeyboardPairing
2025-02-18 17:31:58, Info                         [msoobe.exe] Successfully created section PreOOBE.
2025-02-18 17:31:58, Info                         [msoobe.exe] Creating section Recovery.
2025-02-18 17:31:58, Info                         [msoobe.exe] Section Recovery: successfully added page Localization
2025-02-18 17:31:58, Info                         [msoobe.exe] Section Recovery: successfully added page Recovery
2025-02-18 17:31:58, Info                         [msoobe.exe] Successfully created section Recovery.
2025-02-18 17:31:58, Info                         [msoobe.exe] Creating section RecoveryEnd.
2025-02-18 17:31:58, Info                         [msoobe.exe] Section RecoveryEnd: successfully added page End
2025-02-18 17:31:58, Info                         [msoobe.exe] Successfully created section RecoveryEnd.
2025-02-18 17:31:58, Info                         [msoobe.exe] Creating section Registration.
2025-02-18 17:31:58, Info                         [msoobe.exe] Section Registration: could not find page EnterpriseProvisioning. Moving on.
2025-02-18 17:31:58, Info                         [msoobe.exe] Section Registration: successfully added page PID
2025-02-18 17:31:58, Info                         [msoobe.exe] Section Registration: could not find page Eula. Moving on.
2025-02-18 17:31:58, Info                         [msoobe.exe] Section Registration: successfully added page HidAccessoryPairing
2025-02-18 17:31:58, Info                         [msoobe.exe] Successfully created section Registration.
2025-02-18 17:31:58, Info                         [msoobe.exe] Creating section Server.
2025-02-18 17:31:58, Info                         [msoobe.exe] Section Server: successfully added page Localization
2025-02-18 17:31:58, Info                         [msoobe.exe] Section Server: successfully added page PID
2025-02-18 17:31:58, Info                         [msoobe.exe] Section Server: could not find page Eula. Moving on.
2025-02-18 17:31:58, Info                         [msoobe.exe] Section Server: successfully added page LocalUser
2025-02-18 17:31:58, Info                         [msoobe.exe] Successfully created section Server.
2025-02-18 17:31:58, Info                         [msoobe.exe] Successfully added section PreOOBE to main flow.
2025-02-18 17:31:58, Info                         [msoobe.exe] Successfully added section Localization to main flow.
2025-02-18 17:31:58, Info                         [msoobe.exe] Successfully added section Registration to main flow.
2025-02-18 17:31:58, Info                         [msoobe.exe] Successfully added section Account to main flow.
2025-02-18 17:31:58, Info                         [msoobe.exe] Successfully added section End to main flow.
2025-02-18 17:31:58, Info                         [msoobe.exe] Display mode is set to 1920x1080x32 [64Hz]
2025-02-18 17:31:58, Info                         [msoobe.exe] TASK: End successfully running task CreateDirectoryJunctions
2025-02-18 17:31:58, Info                         [msoobe.exe] Not setting autologon for new local user. e.g. upgrade, domain-joined, or system-managed user.
2025-02-18 17:31:58, Info                         [msoobe.exe] Beginning wait for service Schedule (initial state SERVICE_START_PENDING, desired state SERVICE_RUNNING)
2025-02-18 17:31:58, Info                         [msoobe.exe] Beginning wait for service Themes (initial state SERVICE_START_PENDING, desired state SERVICE_RUNNING)
2025-02-18 17:31:58, Info                         [msoobe.exe] Service profsvc is already running without invoking StartService()
2025-02-18 17:31:58, Info                         [msoobe.exe] Beginning wait for service profsvc (initial state SERVICE_RUNNING, desired state SERVICE_RUNNING)
2025-02-18 17:31:58, Info                         [msoobe.exe] Service profsvc successfully reports in state SERVICE_RUNNING
2025-02-18 17:31:58, Info                         [msoobe.exe] Successfully notified UI language change
2025-02-18 17:31:58, Info                         [msoobe.exe] Posted cache change notification for setting NOTIFYLANGUAGEDONE.
2025-02-18 17:31:58, Info                         [msoobe.exe] TASK: End successfully running task NotifyUILanguageChange
2025-02-18 17:31:59, Info                         [msoobe.exe] Service netprofm successfully reports in state SERVICE_RUNNING
2025-02-18 17:31:59, Info                         [msoobe.exe] TASK: End successfully running task WaitForService
2025-02-18 17:31:59, Info                         [msoobe.exe] Service Themes successfully reports in state SERVICE_RUNNING
2025-02-18 17:31:59, Info                         [msoobe.exe] Service Schedule successfully reports in state SERVICE_RUNNING
2025-02-18 17:31:59, Info                         [msoobe.exe] TASK: End successfully running task RemoveRetailDemoDataTask
2025-02-18 17:31:59, Info                         [msoobe.exe] Service Schedule is already running without invoking StartService()
2025-02-18 17:31:59, Info                         [msoobe.exe] Beginning wait for service Schedule (initial state SERVICE_RUNNING, desired state SERVICE_RUNNING)
2025-02-18 17:31:59, Info                         [msoobe.exe] Service Schedule successfully reports in state SERVICE_RUNNING
2025-02-18 17:31:59, Info                         [msoobe.exe] Running OOBE wizard...
2025-02-18 17:31:59, Info                         [msoobe.exe] Adjusting margins for [landscape] at 1920x1080 with scale factor 1.250000
2025-02-18 17:31:59, Info                         [msoobe.exe] Using layout options 0.
2025-02-18 17:31:59, Info                         [msoobe.exe] Skipping HID Pairing page because image paths were not found in oobe.xml
2025-02-18 17:31:59, Info                         [msoobe.exe] Skipping HID Keyboard page because 2nd (PIN) image path was not found in oobe.xml
2025-02-18 17:31:59, Info                         [msoobe.exe] SETACTIVE: wizard page for page End
2025-02-18 17:31:59, Info                         [msoobe.exe] AbortZDP(0) invoked
2025-02-18 17:31:59, Info                         [msoobe.exe] Adjusting margins for [landscape] at 1920x1080 with scale factor 1.250000
2025-02-18 17:31:59, Info                         [msoobe.exe] Using layout options 1.
2025-02-18 17:31:59, Info                         [msoobe.exe] Running utilman.exe
2025-02-18 17:31:59, Info                         [msoobe.exe] Processing cache change notification for setting GLOBALIZATIONCOMMITTED.
2025-02-18 17:31:59, Info                         [msoobe.exe] Processing cache change notification for setting COMPUTERNAME.
2025-02-18 17:31:59, Info                         [msoobe.exe] TASK: Begin running task WindowsRecoveryEnvironment...
2025-02-18 17:31:59, Info                         [msoobe.exe] TASK: Begin running task RemoveAdminProfile...
2025-02-18 17:31:59, Info                         [msoobe.exe] Processing cache change notification for setting ENTERINGUSEROOBE.
2025-02-18 17:31:59, Info                         [msoobe.exe] Installing Windows Recovery Environment
2025-02-18 17:31:59, Info                         [msoobe.exe] TASK: Begin running task QueueArsSystemTasksTask...
2025-02-18 17:31:59, Info                         [msoobe.exe] Removing Administrator Profile
2025-02-18 17:31:59, Info                         [msoobe.exe] Processing cache change notification for setting PRODUCTKEYSTATUS.
2025-02-18 17:31:59, Info                         [msoobe.exe] Processing cache change notification for setting PRODUCTKEYSTATUS.
2025-02-18 17:31:59, Info                         [msoobe.exe] Processing cache change notification for setting UNATTENDPROTECTION.
2025-02-18 17:31:59, Info                         [msoobe.exe] Processing cache change notification for setting TIMESYNCSTATUS.
2025-02-18 17:31:59, Info                         [msoobe.exe] Processing cache change notification for setting NOTIFYLANGUAGEDONE.
2025-02-18 17:31:59, Info                         [msoobe.exe] Service profsvc is already running without invoking StartService()
2025-02-18 17:31:59, Info                         [msoobe.exe] Beginning wait for service profsvc (initial state SERVICE_RUNNING, desired state SERVICE_RUNNING)
2025-02-18 17:31:59, Info                         [msoobe.exe] Service profsvc successfully reports in state SERVICE_RUNNING
2025-02-18 17:31:59, Info                         [msoobe.exe] Admin profile S-1-5-21-696624935-1195708591-1501085342-500 was not found.
2025-02-18 17:31:59, Info                         [msoobe.exe] TASK: End successfully running task RemoveAdminProfile
2025-02-18 17:31:59, Info                         [msoobe.exe] Enter WinReOobeInstall
2025-02-18 17:31:59, Info                         [msoobe.exe] Posted cache change notification for setting NETWORKSTATUS.
2025-02-18 17:31:59, Info                         [msoobe.exe] Connectivity changed: No connection detected
2025-02-18 17:31:59, Info                         [msoobe.exe] Successfully created Internet listener
2025-02-18 17:31:59, Info                         [msoobe.exe] Processing cache change notification for setting NETWORKSTATUS.
2025-02-18 17:31:59, Info                         [msoobe.exe] AppReadinessService QueueSystemTasks result [hr=0x00000000]
2025-02-18 17:31:59, Info                         [msoobe.exe] TASK: End successfully running task QueueArsSystemTasksTask
2025-02-18 17:31:59, Info                         [msoobe.exe] winreSetDriverEpoch: Driver epoch: 0
2025-02-18 17:31:59, Info                         [msoobe.exe] winreSetRecoveryDirectorySecurity: Checking for recovery dir [C:\Recovery]
2025-02-18 17:31:59, Info                         [msoobe.exe] winreSetRecoveryDirectorySecurity: Recovery dir did not exist, creating with secure ACL
2025-02-18 17:31:59, Info                         [msoobe.exe] winreSetRecoveryDirectorySecurity: Created [C:\Recovery] successfully
2025-02-18 17:31:59, Info                         [msoobe.exe] winreSetRecoveryDirectorySecurity: Set [C:\Recovery] permissions to [O:BAG:BAD:(A;CIOI;GA;;;BA)(A;CIOI;GRGX;;;AU)(A;CIOI;GRGX;;;BU)]
2025-02-18 17:31:59, Info                         [msoobe.exe] winreSetRecoveryDirectorySecurity: Successfully made [C:\Recovery] hidden
2025-02-18 17:31:59, Info                         [msoobe.exe] winreTraceHostInstallType: Install type: 13
2025-02-18 17:31:59, Info                         [msoobe.exe] CheckRegKey Reg get value (PushButtonReset) failed. with error 0x2
2025-02-18 17:31:59, Info                         [msoobe.exe] Failed to clear WIM file trusted state: 0x2
2025-02-18 17:31:59, Info                         [msoobe.exe] Failed to clear WIM file hash: 0x2
2025-02-18 17:31:59, Info                         [msoobe.exe] Update enhanced config info is enabled.
2025-02-18 17:31:59, Info                         [msoobe.exe] Installed product key ((null))
2025-02-18 17:31:59, Info                         [msoobe.exe] Posted cache change notification for setting PRODUCTKEYSTATUS.
2025-02-18 17:31:59, Info                         [msoobe.exe] TASK: End successfully running task InstallPid
2025-02-18 17:31:59, Info                         [msoobe.exe] Processing cache change notification for setting PRODUCTKEYSTATUS.
2025-02-18 17:31:59, Info                         [msoobe.exe] WinRE is installed
2025-02-18 17:31:59, Info                         [msoobe.exe] Default account: defaultuser0 is created successfully
2025-02-18 17:31:59, Info                         [msoobe.exe] TASK: End successfully running task PrepareUserOOBE
2025-02-18 17:31:59, Info                         [msoobe.exe] Loading boot index 1
2025-02-18 17:31:59, Info                         [svchost.exe] Enter WinReIsWimBootEnabled
2025-02-18 17:31:59, Info                         [svchost.exe] Parameters: pszWinDir: NULL
2025-02-18 17:31:59, Info                         [svchost.exe] Exit WinReIsWimBootEnabled returns 0 with last error: 0x2
2025-02-18 17:31:59, Info                         [msoobe.exe] winreValidateWimFile took 62 ms.
2025-02-18 17:32:00, Info                         [msoobe.exe] Next button was clicked
2025-02-18 17:32:00, Info                         [msoobe.exe] UPDATE: running for end
2025-02-18 17:32:00, Info                         [msoobe.exe] UPDATE: not implemented for plugin end
2025-02-18 17:32:00, Info                         [msoobe.exe] UPDATE: running for zdp
2025-02-18 17:32:00, Info                         [msoobe.exe] UPDATE: not implemented for plugin zdp
2025-02-18 17:32:00, Info                         [msoobe.exe] COMMIT: running for plugin HidPairing Plugin
2025-02-18 17:32:00, Info                         [msoobe.exe] COMMIT: not implemented for plugin HidPairing Plugin
2025-02-18 17:32:00, Info                         [msoobe.exe] COMMIT: running for plugin Wireless Plugin
2025-02-18 17:32:00, Info                         [msoobe.exe] COMMIT: not implemented for plugin Wireless Plugin
2025-02-18 17:32:00, Info                         [msoobe.exe] COMMIT: running for plugin Language Plugin
2025-02-18 17:32:00, Info                         [msoobe.exe] COMMIT: not implemented for plugin Language Plugin
2025-02-18 17:32:00, Info                         [msoobe.exe] COMMIT: running for plugin Region Plugin
2025-02-18 17:32:00, Info                         [msoobe.exe] COMMIT: not implemented for plugin Region Plugin
2025-02-18 17:32:00, Info                         [msoobe.exe] COMMIT: running for plugin ComputerName Plugin
2025-02-18 17:32:00, Info                         [msoobe.exe] COMMIT: not implemented for plugin ComputerName Plugin
2025-02-18 17:32:00, Info                         [msoobe.exe] COMMIT: running for plugin LocalUser Plugin
2025-02-18 17:32:00, Info                         [msoobe.exe] COMMIT: succeeded for plugin LocalUser Plugin
2025-02-18 17:32:00, Info                         [msoobe.exe] COMMIT: running for plugin User OOBE Preparation Plugin
2025-02-18 17:32:00, Info                         [msoobe.exe] COMMIT: not implemented for plugin User OOBE Preparation Plugin
2025-02-18 17:32:00, Info                         [msoobe.exe] COMMIT: running for plugin PID Plugin
2025-02-18 17:32:00, Info                         [msoobe.exe] COMMIT: not implemented for plugin PID Plugin
2025-02-18 17:32:00, Info                         [msoobe.exe] COMMIT: running for plugin ProtectPC Plugin
2025-02-18 17:32:00, Info                         [msoobe.exe] TASK: Begin running task CommitProtectPCSettings...
2025-02-18 17:32:00, Info                         [msoobe.exe] ProtectPC Task - setting Enabled value to (1)
2025-02-18 17:32:00, Info                         [msoobe.exe] ProtectPC Task - setting SensorPermissionState value to (1)
2025-02-18 17:32:00, Info                         [msoobe.exe] ProtectPC Task - setting Status value to (1)
2025-02-18 17:32:00, Info                         [msoobe.exe] ProtectPC Task - setting LocationSyncEnabled value to (1)
2025-02-18 17:32:00, Info                         [msoobe.exe] ProtectPC Task - setting Enabled value to (1)
2025-02-18 17:32:00, Info                         [msoobe.exe] ProtectPC Task - setting AllowTelemetry value to (3)
2025-02-18 17:32:00, Info                         [msoobe.exe] ProtectPC Task - Leaving default state in place for ShowedToastAtLevel value
2025-02-18 17:32:00, Info                         [msoobe.exe] ProtectPC Task - setting TailoredExperiencesWithDiagnosticDataEnabled value to (1)
2025-02-18 17:32:00, Info                         [msoobe.exe] ProtectPC Task - Leaving default state in place for PersonalizedOffersEnabled value
2025-02-18 17:32:00, Info                         [msoobe.exe] ProtectPC Task - setting AllowPresenceSensingOobe value to (1)
2025-02-18 17:32:00, Info                         [msoobe.exe] WinReValidateRecoveryWimInternal took 766 ms.
2025-02-18 17:32:00, Info                         [msoobe.exe] WinReOobeInstall Resetting WinRE recovery action
2025-02-18 17:32:00, Info                         [msoobe.exe] Enter WinReSetRecoveryAction
2025-02-18 17:32:00, Info                         [msoobe.exe] Parameters: Operation: 5, OperationParam: NULL, Permanent: FALSE, ConfigWinDir: NULL
2025-02-18 17:32:00, Warning                      [msoobe.exe] RegOpenKeyEx(GP) failed: 0x2
2025-02-18 17:32:00, Warning                      [msoobe.exe] WinReGetGroupPolicies failed with error code 0x2
2025-02-18 17:32:00, Warning                      [msoobe.exe] NOTE: overwrite error code 0x2 because it is not critical
2025-02-18 17:32:00, Info                         [msoobe.exe] WinRE config file path: C:\WINDOWS\system32\Recovery\ReAgent.xml
2025-02-18 17:32:00, Info                         [msoobe.exe] Update enhanced config info is enabled.
2025-02-18 17:32:00, Info                         [msoobe.exe] WinRE is installed
2025-02-18 17:32:00, Info                         [msoobe.exe] WinRE is installed at: \\?\GLOBALROOT\device\harddisk0\partition4\Recovery\WindowsRE
2025-02-18 17:32:00, Info                         [msoobe.exe] System is WimBoot: FALSE
2025-02-18 17:32:00, Info                         [msoobe.exe] WinRE image validated
2025-02-18 17:32:00, Info                         [msoobe.exe] Update enhanced config info is enabled.
2025-02-18 17:32:00, Info                         [msoobe.exe] WinRE is installed
2025-02-18 17:32:00, Info                         [msoobe.exe] Exit WinReSetRecoveryAction return value: 1, last error: 0x0
2025-02-18 17:32:00, Info                         [msoobe.exe] WinReOobeInstall Resealing volume if necessary
2025-02-18 17:32:00, Info                         [msoobe.exe] WinReOobeInstall WinRE installation in OOBE completed
2025-02-18 17:32:00, Info                         [msoobe.exe] Exit WinReOobeInstall return value: 1
2025-02-18 17:32:00, Info                         [msoobe.exe] Successfully installed Windows Recovery Environment
2025-02-18 17:32:00, Info                         [msoobe.exe] TASK: End successfully running task WindowsRecoveryEnvironment
2025-02-18 17:32:00, Info                         [msoobe.exe] ProtectPC Task - setting location capability to value Allow via CAM succeeded
2025-02-18 17:32:00, Info                         [msoobe.exe] ProtectPC Task - setting humanPresence capability to value Allow via CAM succeeded
2025-02-18 17:32:00, Info                         [msoobe.exe] ProtectPC Task - Leaving default state in place for (null) value
2025-02-18 17:32:00, Info                         [msoobe.exe] ProtectPC Task - setting Telemetry to value enabled via custom commit function succeeded with 0x0
2025-02-18 17:32:00, Info                         [msoobe.exe] TASK: End successfully running task CommitProtectPCSettings
2025-02-18 17:32:00, Info                         [msoobe.exe] COMMIT: succeeded for plugin ProtectPC Plugin
2025-02-18 17:32:00, Info                         [msoobe.exe] COMMIT: running for plugin TimeDate Plugin
2025-02-18 17:32:00, Info                         [msoobe.exe] Set time zone to [Eastern Standard Time]
2025-02-18 17:32:00, Info                         [msoobe.exe] COMMIT: succeeded for plugin TimeDate Plugin
2025-02-18 17:32:00, Info                         [msoobe.exe] COMMIT: running for plugin RetailDemo Plugin
2025-02-18 17:32:00, Info                         [msoobe.exe] COMMIT: not implemented for plugin RetailDemo Plugin
2025-02-18 17:32:00, Info                         [msoobe.exe] COMMIT: running for plugin ZDP Plugin
2025-02-18 17:32:00, Info                         [msoobe.exe] COMMIT: not implemented for plugin ZDP Plugin
2025-02-18 17:32:00, Info                         [msoobe.exe] COMMIT: running for plugin Misc Plugin
2025-02-18 17:32:00, Info                         [msoobe.exe] COMMIT: not implemented for plugin Misc Plugin
2025-02-18 17:32:00, Info                         [msoobe.exe] COMMIT: running for plugin End Plugin
2025-02-18 17:32:00, Info                         [msoobe.exe] COMMIT: not implemented for plugin End Plugin
2025-02-18 17:32:00, Info                         [msoobe.exe] ExecuteFinalMandatoryTasks not implemented for plugin HidPairing Plugin
2025-02-18 17:32:00, Info                         [msoobe.exe] Service AppReadiness is already running without invoking StartService()
2025-02-18 17:32:00, Info                         [msoobe.exe] Beginning wait for service AppReadiness (initial state SERVICE_RUNNING, desired state SERVICE_START_PENDING)
2025-02-18 17:32:00, Info                         [msoobe.exe] Service AppReadiness successfully reports in state SERVICE_START_PENDING
2025-02-18 17:32:00, Info                         [msoobe.exe] Service wlansvc is already running without invoking StartService()
2025-02-18 17:32:00, Info                         [msoobe.exe] Beginning wait for service wlansvc (initial state SERVICE_RUNNING, desired state SERVICE_RUNNING)
2025-02-18 17:32:00, Info                         [msoobe.exe] Service wlansvc successfully reports in state SERVICE_RUNNING
2025-02-18 17:32:00, Info                         [msoobe.exe] Service appxsvc is already running without invoking StartService()
2025-02-18 17:32:00, Info                         [msoobe.exe] Beginning wait for service appxsvc (initial state SERVICE_RUNNING, desired state SERVICE_START_PENDING)
2025-02-18 17:32:00, Info                         [msoobe.exe] Service appxsvc successfully reports in state SERVICE_START_PENDING
2025-02-18 17:32:00, Info                         [msoobe.exe] Successfully executed final mandatory task for plugin Wireless Plugin
2025-02-18 17:32:00, Info                         [msoobe.exe] Successfully executed final mandatory task for plugin Language Plugin
2025-02-18 17:32:00, Info                         [msoobe.exe] Region Plugin successfully set default Dvd region
2025-02-18 17:32:00, Info                         [msoobe.exe] Successfully executed final mandatory task for plugin Region Plugin
2025-02-18 17:32:00, Info                         [msoobe.exe] ExecuteFinalMandatoryTasks not implemented for plugin ComputerName Plugin
2025-02-18 17:32:00, Info                         [msoobe.exe] ExecuteFinalMandatoryTasks not implemented for plugin LocalUser Plugin
2025-02-18 17:32:00, Info                         [msoobe.exe] Launch is invalid with isPreparationLaunchWindowValid = 1, prepareUserOOBETask = 120442744
2025-02-18 17:32:00, Info                         [msoobe.exe] calling CPrepareUserOOBETask::PostTaskOperations with accountNeeded = 1
2025-02-18 17:32:00, Info                         [msoobe.exe] Setting auto logon with fUseAuthBuffer = 0, fEnableAutologon = 1
2025-02-18 17:32:00, Info                         [msoobe.exe] Successfully setting Auto-logon with fUseAuthBuffer = 0
2025-02-18 17:32:00, Info                         [msoobe.exe] Cleaned up the AutoLogon Count value
2025-02-18 17:32:00, Info                         [msoobe.exe] CPrepareUserOOBETask::_UpdateRegistry succeeded
2025-02-18 17:32:00, Info                         [msoobe.exe] Post-setup for the default account is run successfully with m_defaultAccountName = defaultuser0
2025-02-18 17:32:00, Info                         [msoobe.exe] Posted cache change notification for setting ENTERINGUSEROOBE.
2025-02-18 17:32:00, Info                         [msoobe.exe] UserOOBE prepareTask _WaitForTaskToComplete and PostTaskOperations succeeded with userOobeDisabled = 0, accountNeeded = 1
2025-02-18 17:32:00, Info                         [msoobe.exe] Successfully executed final mandatory task for plugin User OOBE Preparation Plugin
2025-02-18 17:32:00, Info                         [msoobe.exe] Successfully executed final mandatory task for plugin PID Plugin
2025-02-18 17:32:00, Info                         [msoobe.exe] ExecuteFinalMandatoryTasks not implemented for plugin ProtectPC Plugin
2025-02-18 17:32:00, Info                         [msoobe.exe] Successfully executed final mandatory task for plugin TimeDate Plugin
2025-02-18 17:32:00, Info                         [msoobe.exe] Successfully executed final mandatory task for plugin RetailDemo Plugin
2025-02-18 17:32:00, Info                         [msoobe.exe] Successfully executed final mandatory task for plugin ZDP Plugin
2025-02-18 17:32:00, Info                         [msoobe.exe] TASK: Begin running task ResetNotificationTimerTask...
2025-02-18 17:32:00, Info                         [msoobe.exe] TASK: End successfully running task ResetNotificationTimerTask
2025-02-18 17:32:00, Info                         [msoobe.exe] Successfully executed final mandatory task for plugin Misc Plugin
2025-02-18 17:32:00, Info                         [msoobe.exe] ExecuteFinalMandatoryTasks not implemented for plugin End Plugin
2025-02-18 17:32:00, Info                         [msoobe.exe] Processing cache change notification for setting ENTERINGUSEROOBE.
2025-02-18 17:32:00, Info                         [msoobe.exe] KILLACTIVE: wizard page for page End
2025-02-18 17:32:00, Info                         [msoobe.exe] OOBE wizard finishing - preparing final UX before destroying wizard.
2025-02-18 17:32:00, Info                         [msoobe.exe] Triggering fade to black to end OOBE UI
2025-02-18 17:32:01, Info                         [msoobe.exe] Posting Quit message after Fade To Black Transition Complete
2025-02-18 17:32:01, Info                         [msoobe.exe] Main Wizard message loop finished
2025-02-18 17:32:01, Info                         [msoobe.exe] Finished running wizard with hr=0x00000000
2025-02-18 17:32:01, Info                         [msoobe.exe] Ensuring netprofm task is complete.
2025-02-18 17:32:01, Info                         [msoobe.exe] Wrote End-of-OOBE Timestamp to Registry
2025-02-18 17:32:01, Info                         [msoobe.exe] License for msoobe-FirstLogonAnim-MayBeDisabled is false
2025-02-18 17:32:01, Info                         [msoobe.exe] Host returned successfully
2025-02-18 17:32:01, Info                         [msoobe.exe] Ending OOBE
2025-02-18 17:32:01, Info                         [msoobe.exe] ----------------------------------------------------------
2025-02-18 17:32:01, Info                         [oobeldr.exe] OrchestrateUpdateImageState: Updating image state from [IMAGE_STATE_UNDEPLOYABLE] --> [IMAGE_STATE_COMPLETE]
2025-02-18 17:32:01, Info                         [oobeldr.exe] OOBELdr.exe exiting with code [0x0]...
2025-02-18 17:32:01, Info                         [windeploy.exe] Process exited with exit code [0x0]
2025-02-18 17:32:01, Info                         [windeploy.exe] Setting Setup power request before PostOOBE commands
2025-02-18 17:32:01, Info                         [windeploy.exe] Windeploy: Executing PostOOBE commands
2025-02-18 17:32:01, Info                         [windeploy.exe] FbeExecuteExtensions: Launching process(es) in inclusive mode
2025-02-18 17:32:01, Info                         [windeploy.exe] ExecuteCommandFromValue: Executing command line: C:\$WINDOWS.~BT\Sources\SetupPlatform.exe /postoobe
2025-02-18 17:32:01, Info                         [taskhostw.exe] OOBE Monitor task background thread started
2025-02-18 17:32:09, Info                         [windeploy.exe] ExecuteCommandFromValue: Command line execution succeeded; exit code [0]
2025-02-18 17:32:09, Info                         [windeploy.exe] FbeExecuteExtensions: Processed 1 extension(s)
2025-02-18 17:32:09, Info                         [windeploy.exe] Publishing WNF notification to indicate OOBE completion
2025-02-18 17:32:09, Info                         [windeploy.exe] OrchestrateWnfPublishOobeCompletion: Publishing WNF event for OOBE completion; OOBE completion flag = TRUE
2025-02-18 17:32:09, Info                         [windeploy.exe] Client OS detected.
2025-02-18 17:32:09, Info                         [windeploy.exe] OEM Licensing detected.
2025-02-18 17:32:09, Info                         [windeploy.exe] Client non-Enterprise OS edition detected with OEM license; will not run user-provided scripts.
2025-02-18 17:32:09, Info                         [windeploy.exe] Not allowed to run the Setupcomplete.cmd, will not run SetupComplete.cmd
2025-02-18 17:32:09, Info                         [windeploy.exe] Flushing registry to disk...
2025-02-18 17:32:09, Info                         [windeploy.exe] Flush took 16 ms.
2025-02-18 17:32:09, Info                         [windeploy.exe] Setting Setup power request before running cleanup
2025-02-18 17:32:09, Info                         [windeploy.exe] Executing move/cleanup commands
2025-02-18 17:32:09, Info                         [windeploy.exe] ExecuteMoveFromValue: Executing move of C:\$WINDOWS.~BT to <nullptr>
2025-02-18 17:32:09, Info                         [windeploy.exe] DeletePath: Attempting to obliterate [C:\$WINDOWS.~BT] (final path [\\?\Volume{cefd6b8a-9e8e-40da-81e0-3ce5f660d01d}\$Windows.~BT]).
2025-02-18 17:32:10, Warning                      [windeploy.exe] ExecuteMove: Delete done (C:\$WINDOWS.~BT)
2025-02-18 17:32:10, Info                         [windeploy.exe] ExecuteMoveFromValue: ExecuteMove returned result: 0
2025-02-18 17:32:10, Info                         [windeploy.exe] WinDeploy.exe exiting with code [0x0]
2025-02-18 17:32:10, Info                         [taskhostw.exe] OOBE Monitor event received: 101
2025-02-18 17:32:11, Info                         [taskhostw.exe] OOBE Monitor event received: 102
2025-02-18 17:32:12, Info                         [taskhostw.exe] OOBE Monitor event received: 103
2025-02-18 17:32:15, Info                         [taskhostw.exe] OOBE Monitor event received: 104
2025-02-18 17:32:16, Info                         [taskhostw.exe] OOBE Monitor event received: 104
2025-02-18 17:33:14, Info                         [CloudExperienceHostBroker.exe] CommitRegion 244
2025-02-18 17:33:14, Info                         [CloudExperienceHostBroker.exe] Calling SetUserLanguages for paired locale en-US
2025-02-18 17:33:14, Info                         [CloudExperienceHostBroker.exe] Start copy locale settings for "en-US" to default/system/new user account.
2025-02-18 17:33:14, Info                         [CloudExperienceHostBroker.exe] Succeed in copying locale settings for "en-US" to default/system/new user account.
2025-02-18 17:33:14, Info                         [CloudExperienceHostBroker.exe] System locale is already "en-US". There is no need to set the system locale.
2025-02-18 17:33:19, Info                         [CloudExperienceHostBroker.exe] CommitKeyboards, primary keyboard: 0409:00000409
2025-02-18 17:33:19, Info                         [CloudExperienceHostBroker.exe] CommitKeyboards, locale keyboard: 0409:00000409
2025-02-18 17:33:53, Info                         [CloudExperienceHostBroker.exe] Opting in to IncludeDriverSets
2025-02-18 17:33:53, Info                         [CloudExperienceHostBroker.exe] CZDPTask setting OOBE_GLOBAL_SETTING_ZDPSTATUS ZDP_Scanning.
2025-02-18 17:33:57, Info                         [CloudExperienceHostBroker.exe] ISearchCompletedCallback::Invoke called
2025-02-18 17:33:57, Info                         [CloudExperienceHostBroker.exe] Wait result from WU ZDP Search: 0X1
2025-02-18 17:33:57, Info                         [CloudExperienceHostBroker.exe] Found 2 updates in collection.
2025-02-18 17:33:57, Info                         [CloudExperienceHostBroker.exe] Found 2 updates in collection.
2025-02-18 17:33:57, Info                         [CloudExperienceHostBroker.exe] CZDPTask setting OOBE_GLOBAL_SETTING_ZDPSTATUS ZDP_Downloading.
2025-02-18 17:33:58, Info                         [CloudExperienceHostBroker.exe] IDownloadCompletedCallback::Invoke called
2025-02-18 17:33:58, Info                         [CloudExperienceHostBroker.exe] Wait result from WU ZDP Download: 0X1
2025-02-18 17:33:58, Info                         [CloudExperienceHostBroker.exe] CZDPTask setting OOBE_GLOBAL_SETTING_ZDPSTATUS ZDP_Installing.
2025-02-18 17:34:09, Info                         [CloudExperienceHostBroker.exe] IInstallationCompletedCallback::Invoke called
2025-02-18 17:34:09, Info                         [CloudExperienceHostBroker.exe] Wait result from WU ZDP Install: 0X1
2025-02-18 17:34:09, Info                         [CloudExperienceHostBroker.exe] CZDPTask setting OOBE_GLOBAL_SETTING_ZDPSTATUS ZDP_Finished.
2025-02-18 17:34:43, Info                         [CloudExperienceHostBroker.exe] Opting in to IncludeDriverSets
2025-02-18 17:34:43, Info                         [CloudExperienceHostBroker.exe] CZDPTask setting OOBE_GLOBAL_SETTING_ZDPSTATUS ZDP_Scanning.
2025-02-18 17:35:14, Info                         [CloudExperienceHostBroker.exe] ISearchCompletedCallback::Invoke called
2025-02-18 17:35:14, Info                         [CloudExperienceHostBroker.exe] Wait result from WU ZDP Search: 0X1
2025-02-18 17:35:14, Info                         [CloudExperienceHostBroker.exe] Found 0 updates in collection.
2025-02-18 17:35:14, Info                         [CloudExperienceHostBroker.exe] CZDPTask::CancelTask() Invoked.
2025-02-18 17:35:14, Info                         [CloudExperienceHostBroker.exe] CZDPTask setting OOBE_GLOBAL_SETTING_ZDPSTATUS ZDP_Finished.
2025-02-18 17:39:14, Info                         [taskhostw.exe] OOBE Monitor task stopped
2025-02-18 17:39:46, Info                         [svchost.exe] Enter WinReIsWimBootEnabled
2025-02-18 17:39:46, Info                         [svchost.exe] Parameters: pszWinDir: NULL
2025-02-18 17:39:46, Info                         [svchost.exe] Exit WinReIsWimBootEnabled returns 0 with last error: 0x2
2025-02-18 17:39:47, Info                         [taskhostw.exe] OOBE Monitor task background thread started
2025-02-18 17:42:15, Info                         [taskhostw.exe] OOBE Monitor event received: 101
2025-02-18 17:44:16, Info                         [taskhostw.exe] OOBE Monitor event received: 102
2025-02-18 17:44:18, Info                         [taskhostw.exe] OOBE Monitor event received: 103
2025-02-18 17:44:20, Info                         [taskhostw.exe] OOBE Monitor event received: 104
2025-02-18 18:22:23, Info                         [taskhostw.exe] OOBE Monitor task stopped
2025-02-18 18:29:37, Info                         [svchost.exe] Enter WinReIsWimBootEnabled
2025-02-18 18:29:37, Info                         [svchost.exe] Parameters: pszWinDir: NULL
2025-02-18 18:29:37, Info                         [svchost.exe] Exit WinReIsWimBootEnabled returns 0 with last error: 0x2
2025-02-18 18:29:37, Info                         [taskhostw.exe] OOBE Monitor task background thread started
2025-02-18 18:29:37, Info                         [taskhostw.exe] OOBE Monitor event received: 101
2025-02-18 18:31:38, Info                         [taskhostw.exe] OOBE Monitor event received: 102
2025-02-18 18:31:39, Info                         [taskhostw.exe] OOBE Monitor event received: 103
2025-02-18 18:31:41, Info                         [taskhostw.exe] OOBE Monitor event received: 104
2025-02-18 18:31:44, Info                         [taskhostw.exe] OOBE Monitor event received: 104
2025-02-18 18:32:34, Info                         [CloudExperienceHostBroker.exe] CommitRegion 244
2025-02-18 18:32:34, Info                         [CloudExperienceHostBroker.exe] Calling SetUserLanguages for paired locale en-US
2025-02-18 18:32:34, Info                         [CloudExperienceHostBroker.exe] Start copy locale settings for "en-US" to default/system/new user account.
2025-02-18 18:32:34, Info                         [CloudExperienceHostBroker.exe] Succeed in copying locale settings for "en-US" to default/system/new user account.
2025-02-18 18:32:34, Info                         [CloudExperienceHostBroker.exe] System locale is already "en-US". There is no need to set the system locale.
2025-02-18 18:32:37, Info                         [CloudExperienceHostBroker.exe] CommitKeyboards, primary keyboard: 0409:00000409
2025-02-18 18:32:37, Info                         [CloudExperienceHostBroker.exe] CommitKeyboards, locale keyboard: 0409:00000409
2025-02-18 18:32:40, Info                         [CloudExperienceHostBroker.exe] Opting in to IncludeDriverSets
2025-02-18 18:32:40, Info                         [CloudExperienceHostBroker.exe] CZDPTask setting OOBE_GLOBAL_SETTING_ZDPSTATUS ZDP_Scanning.
2025-02-18 18:33:02, Info                         [CloudExperienceHostBroker.exe] ISearchCompletedCallback::Invoke called
2025-02-18 18:33:02, Info                         [CloudExperienceHostBroker.exe] Wait result from WU ZDP Search: 0X1
2025-02-18 18:33:02, Info                         [CloudExperienceHostBroker.exe] Found 0 updates in collection.
2025-02-18 18:33:02, Info                         [CloudExperienceHostBroker.exe] CZDPTask::CancelTask() Invoked.
2025-02-18 18:33:02, Info                         [CloudExperienceHostBroker.exe] CZDPTask setting OOBE_GLOBAL_SETTING_ZDPSTATUS ZDP_Finished.
2025-02-18 18:33:29, Info                         [CloudExperienceHostBroker.exe] UserOOBEController::Exit() started [1]
2025-02-18 18:33:29, Info                         [taskhostw.exe] OOBE Monitor event received: 999
2025-02-18 18:33:29, Info                         [CloudExperienceHostBroker.exe] Setting auto logon with fUseAuthBuffer = 1, fEnableAutologon = 0
2025-02-18 18:33:29, Info                         [CloudExperienceHostBroker.exe] Cleaned up the AutoLogon Count value
2025-02-18 18:33:29, Info                         [CloudExperienceHostBroker.exe] Clearing Auto-logon values per request
2025-02-18 19:18:52, Info                         [svchost.exe] Enter WinReIsWimBootEnabled
2025-02-18 19:18:52, Info                         [svchost.exe] Parameters: pszWinDir: NULL
2025-02-18 19:18:52, Info                         [svchost.exe] Exit WinReIsWimBootEnabled returns 0 with last error: 0x2
2025-02-18 19:21:31, Info                         [svchost.exe] Enter WinReIsWimBootEnabled
2025-02-18 19:21:31, Info                         [svchost.exe] Parameters: pszWinDir: NULL
2025-02-18 19:21:31, Info                         [svchost.exe] Exit WinReIsWimBootEnabled returns 0 with last error: 0x2
2025-02-18 19:24:25, Info                         [svchost.exe] Enter WinReIsWimBootEnabled
2025-02-18 19:24:25, Info                         [svchost.exe] Parameters: pszWinDir: NULL
2025-02-18 19:24:25, Info                         [svchost.exe] Exit WinReIsWimBootEnabled returns 0 with last error: 0x2
2025-02-18 19:37:56, Info                         [svchost.exe] Enter WinReIsWimBootEnabled
2025-02-18 19:37:56, Info                         [svchost.exe] Parameters: pszWinDir: NULL
2025-02-18 19:37:56, Info                         [svchost.exe] Exit WinReIsWimBootEnabled returns 0 with last error: 0x2
